This file contains any messages produced by compilers while
running configure, to aid debugging if configure makes a mistake.

It was created by libmill configure 1.18, which was
generated by GNU Autoconf 2.69.  Invocation command line was

  $ ./configure 

## --------- ##
## Platform. ##
## --------- ##

hostname = xps15-arch
uname -m = x86_64
uname -r = 5.0.9-arch1-1-ARCH
uname -s = Linux
uname -v = #1 SMP PREEMPT Mon Apr 22 19:13:30 CDT 2019

/usr/bin/uname -p = unknown
/bin/uname -X     = unknown

/bin/arch              = unknown
/usr/bin/arch -k       = unknown
/usr/convex/getsysinfo = unknown
/usr/bin/hostinfo      = unknown
/bin/machine           = unknown
/usr/bin/oslevel       = unknown
/bin/universe          = unknown

PATH: /home/scottshotgg/bin
PATH: /usr/local/bin
PATH: /home/scottshotgg/Development/go/bin
PATH: /usr/local/bin
PATH: /usr/local/sbin
PATH: /usr/bin
PATH: /opt/android-sdk/platform-tools
PATH: /opt/android-sdk/tools
PATH: /opt/android-sdk/tools/bin
PATH: /opt/flutter/bin
PATH: /usr/lib/jvm/default/bin
PATH: /usr/bin/site_perl
PATH: /usr/bin/vendor_perl
PATH: /usr/bin/core_perl


## ----------- ##
## Core tests. ##
## ----------- ##

configure:2175: checking for a BSD-compatible install
configure:2243: result: /usr/bin/install -c
configure:2254: checking whether build environment is sane
configure:2309: result: yes
configure:2458: checking for a thread-safe mkdir -p
configure:2497: result: /usr/bin/mkdir -p
configure:2504: checking for gawk
configure:2520: found /usr/bin/gawk
configure:2531: result: gawk
configure:2542: checking whether make sets $(MAKE)
configure:2564: result: yes
configure:2593: checking whether make supports nested variables
configure:2610: result: yes
configure:2699: checking whether UID '1000' is supported by ustar format
configure:2702: result: yes
configure:2709: checking whether GID '1000' is supported by ustar format
configure:2712: result: yes
configure:2720: checking how to create a ustar tar archive
configure:2731: tar --version
tar (GNU tar) 1.32
Copyright (C) 2019 Free Software Foundation, Inc.
License GPLv3+: GNU GPL version 3 or later <https://gnu.org/licenses/gpl.html>.
This is free software: you are free to change and redistribute it.
There is NO WARRANTY, to the extent permitted by law.

Written by John Gilmore and Jay Fenlason.
configure:2734: $? = 0
configure:2774: tardir=conftest.dir && eval tar --format=ustar -chf - "$tardir" >conftest.tar
configure:2777: $? = 0
configure:2781: tar -xf - <conftest.tar
configure:2784: $? = 0
configure:2786: cat conftest.dir/file
GrepMe
configure:2789: $? = 0
configure:2802: result: gnutar
configure:2863: checking whether make supports nested variables
configure:2880: result: yes
configure:2896: checking build system type
configure:2910: result: x86_64-pc-linux-gnu
configure:2930: checking host system type
configure:2943: result: x86_64-pc-linux-gnu
configure:2968: checking for a sed that does not truncate output
configure:3032: result: /usr/bin/sed
configure:3041: checking for gawk
configure:3068: result: gawk
configure:3088: Mill package version: 1.18
configure:3090: Mill ABI version: 19.1.1
configure:3101: checking whether make supports the include directive
configure:3116: make -f confmf.GNU && cat confinc.out
this is the am__doit target
configure:3119: $? = 0
configure:3138: result: yes (GNU style)
configure:3208: checking for gcc
configure:3224: found /usr/bin/gcc
configure:3235: result: gcc
configure:3464: checking for C compiler version
configure:3473: gcc --version >&5
gcc (GCC) 8.3.0
Copyright (C) 2018 Free Software Foundation, Inc.
This is free software; see the source for copying conditions.  There is NO
warranty; not even for MERCHANTABILITY or FITNESS FOR A PARTICULAR PURPOSE.

configure:3484: $? = 0
configure:3473: gcc -v >&5
Using built-in specs.
COLLECT_GCC=gcc
COLLECT_LTO_WRAPPER=/usr/lib/gcc/x86_64-pc-linux-gnu/8.3.0/lto-wrapper
Target: x86_64-pc-linux-gnu
Configured with: /build/gcc/src/gcc/configure --prefix=/usr --libdir=/usr/lib --libexecdir=/usr/lib --mandir=/usr/share/man --infodir=/usr/share/info --with-bugurl=https://bugs.archlinux.org/ --enable-languages=c,c++,ada,fortran,go,lto,objc,obj-c++ --enable-shared --enable-threads=posix --enable-libmpx --with-system-zlib --with-isl --enable-__cxa_atexit --disable-libunwind-exceptions --enable-clocale=gnu --disable-libstdcxx-pch --disable-libssp --enable-gnu-unique-object --enable-linker-build-id --enable-lto --enable-plugin --enable-install-libiberty --with-linker-hash-style=gnu --enable-gnu-indirect-function --enable-multilib --disable-werror --enable-checking=release --enable-default-pie --enable-default-ssp --enable-cet=auto
Thread model: posix
gcc version 8.3.0 (GCC) 
configure:3484: $? = 0
configure:3473: gcc -V >&5
gcc: error: unrecognized command line option '-V'
gcc: fatal error: no input files
compilation terminated.
configure:3484: $? = 1
configure:3473: gcc -qversion >&5
gcc: error: unrecognized command line option '-qversion'; did you mean '--version'?
gcc: fatal error: no input files
compilation terminated.
configure:3484: $? = 1
configure:3504: checking whether the C compiler works
configure:3526: gcc    conftest.c  >&5
configure:3530: $? = 0
configure:3578: result: yes
configure:3581: checking for C compiler default output file name
configure:3583: result: a.out
configure:3589: checking for suffix of executables
configure:3596: gcc -o conftest    conftest.c  >&5
configure:3600: $? = 0
configure:3622: result: 
configure:3644: checking whether we are cross compiling
configure:3652: gcc -o conftest    conftest.c  >&5
configure:3656: $? = 0
configure:3663: ./conftest
configure:3667: $? = 0
configure:3655: result: no
configure:3660: checking for suffix of object files
configure:3682: gcc -c   conftest.c >&5
configure:3686: $? = 0
configure:3707: result: o
configure:3711: checking whether we are using the GNU C compiler
configure:3730: gcc -c   conftest.c >&5
configure:3730: $? = 0
configure:3739: result: yes
configure:3748: checking whether gcc accepts -g
configure:3768: gcc -c -g  conftest.c >&5
configure:3768: $? = 0
configure:3809: result: yes
configure:3826: checking for gcc option to accept ISO C89
configure:3889: gcc  -c -g -O2  conftest.c >&5
configure:3889: $? = 0
configure:3902: result: none needed
configure:3927: checking whether gcc understands -c and -o together
configure:3949: gcc -c conftest.c -o conftest2.o
configure:3952: $? = 0
configure:3949: gcc -c conftest.c -o conftest2.o
configure:3952: $? = 0
configure:3964: result: yes
configure:3983: checking dependency style of gcc
configure:4094: result: gcc3
configure:4109: checking for gcc option to accept ISO C99
configure:4258: gcc  -c -g -O2  conftest.c >&5
configure:4258: $? = 0
configure:4271: result: none needed
configure:4432: checking for posix_memalign
configure:4432: gcc -o conftest -g -O2   conftest.c  >&5
conftest.c:34:6: warning: conflicting types for built-in function 'posix_memalign' [-Wbuiltin-declaration-mismatch]
 char posix_memalign ();
      ^~~~~~~~~~~~~~
configure:4432: $? = 0
configure:4432: result: yes
configure:4438: checking for mprotect
configure:4438: gcc -o conftest -g -O2   conftest.c  >&5
configure:4438: $? = 0
configure:4438: result: yes
configure:4444: checking for clock_gettime in -lrt
configure:4469: gcc -o conftest -g -O2   conftest.c -lrt   >&5
configure:4469: $? = 0
configure:4478: result: yes
configure:4491: checking for clock_gettime
configure:4491: gcc -o conftest -g -O2   conftest.c -lrt  >&5
configure:4491: $? = 0
configure:4491: result: yes
configure:4500: checking for socket in -lsocket
configure:4525: gcc -o conftest -g -O2   conftest.c -lsocket  -lrt  >&5
/usr/bin/ld: cannot find -lsocket
collect2: error: ld returned 1 exit status
configure:4525: $? = 1
configure: failed program was:
| /* confdefs.h */
| #define PACKAGE_NAME "libmill"
| #define PACKAGE_TARNAME "libmill"
| #define PACKAGE_VERSION "1.18"
| #define PACKAGE_STRING "libmill 1.18"
| #define PACKAGE_BUGREPORT "libmill@freelists.org"
| #define PACKAGE_URL "http://libmill.org/"
| #define PACKAGE "libmill"
| #define VERSION "1.18"
| #define HAVE_POSIX_MEMALIGN 1
| #define HAVE_MPROTECT 1
| #define HAVE_LIBRT 1
| #define HAVE_CLOCK_GETTIME 1
| /* end confdefs.h.  */
| 
| /* Override any GCC internal prototype to avoid an error.
|    Use char because int might match the return type of a GCC
|    builtin and then its argument prototype would still apply.  */
| #ifdef __cplusplus
| extern "C"
| #endif
| char socket ();
| int
| main ()
| {
| return socket ();
|   ;
|   return 0;
| }
configure:4534: result: no
configure:4547: checking for epoll_create
configure:4547: gcc -o conftest -g -O2   conftest.c -lrt  >&5
configure:4547: $? = 0
configure:4547: result: yes
configure:4561: checking for kqueue
configure:4561: gcc -o conftest -g -O2   conftest.c -lrt  >&5
/usr/bin/ld: /tmp/ccdvffXa.o: in function `main':
/home/scottshotgg/Development/go/src/github.com/scottshotgg/express2/lib/libmill/conftest.c:50: undefined reference to `kqueue'
collect2: error: ld returned 1 exit status
configure:4561: $? = 1
configure: failed program was:
| /* confdefs.h */
| #define PACKAGE_NAME "libmill"
| #define PACKAGE_TARNAME "libmill"
| #define PACKAGE_VERSION "1.18"
| #define PACKAGE_STRING "libmill 1.18"
| #define PACKAGE_BUGREPORT "libmill@freelists.org"
| #define PACKAGE_URL "http://libmill.org/"
| #define PACKAGE "libmill"
| #define VERSION "1.18"
| #define HAVE_POSIX_MEMALIGN 1
| #define HAVE_MPROTECT 1
| #define HAVE_LIBRT 1
| #define HAVE_CLOCK_GETTIME 1
| #define HAVE_EPOLL_CREATE 1
| /* end confdefs.h.  */
| /* Define kqueue to an innocuous variant, in case <limits.h> declares kqueue.
|    For example, HP-UX 11i <limits.h> declares gettimeofday.  */
| #define kqueue innocuous_kqueue
| 
| /* System header to define __stub macros and hopefully few prototypes,
|     which can conflict with char kqueue (); below.
|     Prefer <limits.h> to <assert.h> if __STDC__ is defined, since
|     <limits.h> exists even on freestanding compilers.  */
| 
| #ifdef __STDC__
| # include <limits.h>
| #else
| # include <assert.h>
| #endif
| 
| #undef kqueue
| 
| /* Override any GCC internal prototype to avoid an error.
|    Use char because int might match the return type of a GCC
|    builtin and then its argument prototype would still apply.  */
| #ifdef __cplusplus
| extern "C"
| #endif
| char kqueue ();
| /* The GNU C library defines this for functions which it implements
|     to always fail with ENOSYS.  Some functions are actually named
|     something starting with __ and the normal name is an alias.  */
| #if defined __stub_kqueue || defined __stub___kqueue
| choke me
| #endif
| 
| int
| main ()
| {
| return kqueue ();
|   ;
|   return 0;
| }
configure:4561: result: no
configure:4624: checking how to print strings
configure:4651: result: printf
configure:4672: checking for a sed that does not truncate output
configure:4736: result: /usr/bin/sed
configure:4754: checking for grep that handles long lines and -e
configure:4812: result: /usr/bin/grep
configure:4817: checking for egrep
configure:4879: result: /usr/bin/grep -E
configure:4884: checking for fgrep
configure:4946: result: /usr/bin/grep -F
configure:4981: checking for ld used by gcc
configure:5048: result: /usr/bin/ld
configure:5055: checking if the linker (/usr/bin/ld) is GNU ld
configure:5070: result: yes
configure:5082: checking for BSD- or MS-compatible name lister (nm)
configure:5136: result: /usr/bin/nm -B
configure:5266: checking the name lister (/usr/bin/nm -B) interface
configure:5273: gcc -c -g -O2  conftest.c >&5
configure:5276: /usr/bin/nm -B "conftest.o"
configure:5279: output
0000000000000000 B some_variable
configure:5280: result: BSD nm
configure:5283: checking whether ln -s works
configure:5287: result: yes
configure:5295: checking the maximum length of command line arguments
configure:5426: result: 1572864
configure:5474: checking how to convert x86_64-pc-linux-gnu file names to x86_64-pc-linux-gnu format
configure:5514: result: func_convert_file_noop
configure:5521: checking how to convert x86_64-pc-linux-gnu file names to toolchain format
configure:5541: result: func_convert_file_noop
configure:5548: checking for /usr/bin/ld option to reload object files
configure:5555: result: -r
configure:5629: checking for objdump
configure:5645: found /usr/bin/objdump
configure:5656: result: objdump
configure:5688: checking how to recognize dependent libraries
configure:5888: result: pass_all
configure:5973: checking for dlltool
configure:6003: result: no
configure:6033: checking how to associate runtime and link libraries
configure:6060: result: printf %s\n
configure:6120: checking for ar
configure:6136: found /usr/bin/ar
configure:6147: result: ar
configure:6200: checking for archiver @FILE support
configure:6217: gcc -c -g -O2  conftest.c >&5
configure:6217: $? = 0
configure:6220: ar cr libconftest.a @conftest.lst >&5
configure:6223: $? = 0
configure:6228: ar cr libconftest.a @conftest.lst >&5
ar: conftest.o: No such file or directory
configure:6231: $? = 1
configure:6230: result: @
configure:6288: checking for strip
configure:6304: found /usr/bin/strip
configure:6315: result: strip
configure:6387: checking for ranlib
configure:6403: found /usr/bin/ranlib
configure:6414: result: ranlib
configure:6516: checking command to parse /usr/bin/nm -B output from gcc object
configure:6669: gcc -c -g -O2  conftest.c >&5
configure:6672: $? = 0
configure:6676: /usr/bin/nm -B conftest.o \| sed -n -e 's/^.*[ ]\([ABCDGIRSTW][ABCDGIRSTW]*\)[ ][ ]*\([_A-Za-z][_A-Za-z0-9]*\)$/\1 \2 \2/p' | sed '/ __gnu_lto/d' \> conftest.nm
configure:6679: $? = 0
configure:6745: gcc -o conftest -g -O2   conftest.c conftstm.o >&5
configure:6748: $? = 0
configure:6786: result: ok
configure:6833: checking for sysroot
configure:6863: result: no
configure:6870: checking for a working dd
configure:6908: result: /usr/bin/dd
configure:6912: checking how to truncate binary pipes
configure:6927: result: /usr/bin/dd bs=4096 count=1
configure:7063: gcc -c -g -O2  conftest.c >&5
configure:7066: $? = 0
configure:7256: checking for mt
configure:7286: result: no
configure:7306: checking if : is a manifest tool
configure:7312: : '-?'
configure:7320: result: no
configure:7997: checking how to run the C preprocessor
configure:8028: gcc -E  conftest.c
configure:8028: $? = 0
configure:8042: gcc -E  conftest.c
conftest.c:17:10: fatal error: ac_nonexistent.h: No such file or directory
 #include <ac_nonexistent.h>
          ^~~~~~~~~~~~~~~~~~
compilation terminated.
configure:8042: $? = 1
configure: failed program was:
| /* confdefs.h */
| #define PACKAGE_NAME "libmill"
| #define PACKAGE_TARNAME "libmill"
| #define PACKAGE_VERSION "1.18"
| #define PACKAGE_STRING "libmill 1.18"
| #define PACKAGE_BUGREPORT "libmill@freelists.org"
| #define PACKAGE_URL "http://libmill.org/"
| #define PACKAGE "libmill"
| #define VERSION "1.18"
| #define HAVE_POSIX_MEMALIGN 1
| #define HAVE_MPROTECT 1
| #define HAVE_LIBRT 1
| #define HAVE_CLOCK_GETTIME 1
| #define HAVE_EPOLL_CREATE 1
| #define MILL_NO_KQUEUE 1
| /* end confdefs.h.  */
| #include <ac_nonexistent.h>
configure:8067: result: gcc -E
configure:8087: gcc -E  conftest.c
configure:8087: $? = 0
configure:8101: gcc -E  conftest.c
conftest.c:17:10: fatal error: ac_nonexistent.h: No such file or directory
 #include <ac_nonexistent.h>
          ^~~~~~~~~~~~~~~~~~
compilation terminated.
configure:8101: $? = 1
configure: failed program was:
| /* confdefs.h */
| #define PACKAGE_NAME "libmill"
| #define PACKAGE_TARNAME "libmill"
| #define PACKAGE_VERSION "1.18"
| #define PACKAGE_STRING "libmill 1.18"
| #define PACKAGE_BUGREPORT "libmill@freelists.org"
| #define PACKAGE_URL "http://libmill.org/"
| #define PACKAGE "libmill"
| #define VERSION "1.18"
| #define HAVE_POSIX_MEMALIGN 1
| #define HAVE_MPROTECT 1
| #define HAVE_LIBRT 1
| #define HAVE_CLOCK_GETTIME 1
| #define HAVE_EPOLL_CREATE 1
| #define MILL_NO_KQUEUE 1
| /* end confdefs.h.  */
| #include <ac_nonexistent.h>
configure:8130: checking for ANSI C header files
configure:8150: gcc -c -g -O2  conftest.c >&5
configure:8150: $? = 0
configure:8223: gcc -o conftest -g -O2   conftest.c -lrt  >&5
configure:8223: $? = 0
configure:8223: ./conftest
configure:8223: $? = 0
configure:8234: result: yes
configure:8247: checking for sys/types.h
configure:8247: gcc -c -g -O2  conftest.c >&5
configure:8247: $? = 0
configure:8247: result: yes
configure:8247: checking for sys/stat.h
configure:8247: gcc -c -g -O2  conftest.c >&5
configure:8247: $? = 0
configure:8247: result: yes
configure:8247: checking for stdlib.h
configure:8247: gcc -c -g -O2  conftest.c >&5
configure:8247: $? = 0
configure:8247: result: yes
configure:8247: checking for string.h
configure:8247: gcc -c -g -O2  conftest.c >&5
configure:8247: $? = 0
configure:8247: result: yes
configure:8247: checking for memory.h
configure:8247: gcc -c -g -O2  conftest.c >&5
configure:8247: $? = 0
configure:8247: result: yes
configure:8247: checking for strings.h
configure:8247: gcc -c -g -O2  conftest.c >&5
configure:8247: $? = 0
configure:8247: result: yes
configure:8247: checking for inttypes.h
configure:8247: gcc -c -g -O2  conftest.c >&5
configure:8247: $? = 0
configure:8247: result: yes
configure:8247: checking for stdint.h
configure:8247: gcc -c -g -O2  conftest.c >&5
configure:8247: $? = 0
configure:8247: result: yes
configure:8247: checking for unistd.h
configure:8247: gcc -c -g -O2  conftest.c >&5
configure:8247: $? = 0
configure:8247: result: yes
configure:8261: checking for dlfcn.h
configure:8261: gcc -c -g -O2  conftest.c >&5
configure:8261: $? = 0
configure:8261: result: yes
configure:8517: checking for objdir
configure:8532: result: .libs
configure:8796: checking if gcc supports -fno-rtti -fno-exceptions
configure:8814: gcc -c -g -O2  -fno-rtti -fno-exceptions conftest.c >&5
cc1: warning: command line option '-fno-rtti' is valid for C++/ObjC++ but not for C
configure:8818: $? = 0
configure:8831: result: no
configure:9189: checking for gcc option to produce PIC
configure:9196: result: -fPIC -DPIC
configure:9204: checking if gcc PIC flag -fPIC -DPIC works
configure:9222: gcc -c -g -O2  -fPIC -DPIC -DPIC conftest.c >&5
configure:9226: $? = 0
configure:9239: result: yes
configure:9268: checking if gcc static flag -static works
configure:9296: result: yes
configure:9311: checking if gcc supports -c -o file.o
configure:9332: gcc -c -g -O2  -o out/conftest2.o conftest.c >&5
configure:9336: $? = 0
configure:9358: result: yes
configure:9366: checking if gcc supports -c -o file.o
configure:9413: result: yes
configure:9446: checking whether the gcc linker (/usr/bin/ld -m elf_x86_64) supports shared libraries
configure:10707: result: yes
configure:10744: checking whether -lc should be explicitly linked in
configure:10752: gcc -c -g -O2  conftest.c >&5
configure:10755: $? = 0
configure:10770: gcc -shared  -fPIC -DPIC conftest.o  -v -Wl,-soname -Wl,conftest -o conftest 2\>\&1 \| /usr/bin/grep  -lc  \>/dev/null 2\>\&1
configure:10773: $? = 0
configure:10787: result: no
configure:10947: checking dynamic linker characteristics
configure:11528: gcc -o conftest -g -O2   -Wl,-rpath -Wl,/foo conftest.c -lrt  >&5
configure:11528: $? = 0
configure:11765: result: GNU/Linux ld.so
configure:11887: checking how to hardcode library paths into programs
configure:11912: result: immediate
configure:12460: checking whether stripping libraries is possible
configure:12469: result: yes
configure:12511: checking if libtool supports shared libraries
configure:12513: result: yes
configure:12516: checking whether to build shared libraries
configure:12541: result: yes
configure:12544: checking whether to build static libraries
configure:12548: result: yes
configure:9510: checking that generated files are newer than configure
configure:9516: result: done
configure:9539: creating ./config.status

## ---------------------- ##
## Running config.status. ##
## ---------------------- ##

This file was extended by libmill config.status 1.18, which was
generated by GNU Autoconf 2.69.  Invocation command line was

  CONFIG_FILES    = 
  CONFIG_HEADERS  = 
  CONFIG_LINKS    = 
  CONFIG_COMMANDS = 
  $ ./config.status 

on xps15-arch

config.status:1008: creating Makefile
config.status:1008: creating libmill.pc
config.status:1180: executing depfiles commands
config.status:1257: cd .       && sed -e '/# am--include-marker/d' Makefile         | make -f - am--depfiles
make: Nothing to be done for 'am--depfiles'.
config.status:1262: $? = 0
config.status:1180: executing libtool commands

## ---------------- ##
## Cache variables. ##
## ---------------- ##

ac_cv_build=x86_64-pc-linux-gnu
ac_cv_c_compiler_gnu=yes
ac_cv_env_CC_set=
ac_cv_env_CC_value=
ac_cv_env_CFLAGS_set=
ac_cv_env_CFLAGS_value=
ac_cv_env_CPPFLAGS_set=
ac_cv_env_CPPFLAGS_value=
ac_cv_env_CPP_set=
ac_cv_env_CPP_value=
ac_cv_env_LDFLAGS_set=
ac_cv_env_LDFLAGS_value=
ac_cv_env_LIBS_set=
ac_cv_env_LIBS_value=
ac_cv_env_LT_SYS_LIBRARY_PATH_set=
ac_cv_env_LT_SYS_LIBRARY_PATH_value=
ac_cv_env_build_alias_set=
ac_cv_env_build_alias_value=
ac_cv_env_host_alias_set=
ac_cv_env_host_alias_value=
ac_cv_env_target_alias_set=
ac_cv_env_target_alias_value=
ac_cv_func_clock_gettime=yes
ac_cv_func_epoll_create=yes
ac_cv_func_kqueue=no
ac_cv_func_mprotect=yes
ac_cv_func_posix_memalign=yes
ac_cv_header_dlfcn_h=yes
ac_cv_header_inttypes_h=yes
ac_cv_header_memory_h=yes
ac_cv_header_stdc=yes
ac_cv_header_stdint_h=yes
ac_cv_header_stdlib_h=yes
ac_cv_header_string_h=yes
ac_cv_header_strings_h=yes
ac_cv_header_sys_stat_h=yes
ac_cv_header_sys_types_h=yes
ac_cv_header_unistd_h=yes
ac_cv_host=x86_64-pc-linux-gnu
ac_cv_lib_rt_clock_gettime=yes
ac_cv_lib_socket_socket=no
ac_cv_objext=o
ac_cv_path_EGREP='/usr/bin/grep -E'
ac_cv_path_FGREP='/usr/bin/grep -F'
ac_cv_path_GREP=/usr/bin/grep
ac_cv_path_SED=/usr/bin/sed
ac_cv_path_install='/usr/bin/install -c'
ac_cv_path_lt_DD=/usr/bin/dd
ac_cv_path_mkdir=/usr/bin/mkdir
ac_cv_prog_AWK=gawk
ac_cv_prog_CPP='gcc -E'
ac_cv_prog_ac_ct_AR=ar
ac_cv_prog_ac_ct_CC=gcc
ac_cv_prog_ac_ct_OBJDUMP=objdump
ac_cv_prog_ac_ct_RANLIB=ranlib
ac_cv_prog_ac_ct_STRIP=strip
ac_cv_prog_cc_c89=
ac_cv_prog_cc_c99=
ac_cv_prog_cc_g=yes
ac_cv_prog_make_make_set=yes
am_cv_CC_dependencies_compiler_type=gcc3
am_cv_make_support_nested_variables=yes
am_cv_prog_cc_c_o=yes
am_cv_prog_tar_ustar=gnutar
lt_cv_ar_at_file=@
lt_cv_archive_cmds_need_lc=no
lt_cv_deplibs_check_method=pass_all
lt_cv_file_magic_cmd='$MAGIC_CMD'
lt_cv_file_magic_test_file=
lt_cv_ld_reload_flag=-r
lt_cv_nm_interface='BSD nm'
lt_cv_objdir=.libs
lt_cv_path_LD=/usr/bin/ld
lt_cv_path_NM='/usr/bin/nm -B'
lt_cv_path_mainfest_tool=no
lt_cv_prog_compiler_c_o=yes
lt_cv_prog_compiler_pic='-fPIC -DPIC'
lt_cv_prog_compiler_pic_works=yes
lt_cv_prog_compiler_rtti_exceptions=no
lt_cv_prog_compiler_static_works=yes
lt_cv_prog_gnu_ld=yes
lt_cv_sharedlib_from_linklib_cmd='printf %s\n'
lt_cv_shlibpath_overrides_runpath=no
lt_cv_sys_global_symbol_pipe='sed -n -e '\''s/^.*[	 ]\([ABCDGIRSTW][ABCDGIRSTW]*\)[	 ][	 ]*\([_A-Za-z][_A-Za-z0-9]*\)$/\1 \2 \2/p'\'' | sed '\''/ __gnu_lto/d'\'''
lt_cv_sys_global_symbol_to_c_name_address='sed -n -e '\''s/^: \(.*\) .*$/  {"\1", (void *) 0},/p'\'' -e '\''s/^[ABCDGIRSTW][ABCDGIRSTW]* .* \(.*\)$/  {"\1", (void *) \&\1},/p'\'''
lt_cv_sys_global_symbol_to_c_name_address_lib_prefix='sed -n -e '\''s/^: \(.*\) .*$/  {"\1", (void *) 0},/p'\'' -e '\''s/^[ABCDGIRSTW][ABCDGIRSTW]* .* \(lib.*\)$/  {"\1", (void *) \&\1},/p'\'' -e '\''s/^[ABCDGIRSTW][ABCDGIRSTW]* .* \(.*\)$/  {"lib\1", (void *) \&\1},/p'\'''
lt_cv_sys_global_symbol_to_cdecl='sed -n -e '\''s/^T .* \(.*\)$/extern int \1();/p'\'' -e '\''s/^[ABCDGIRSTW][ABCDGIRSTW]* .* \(.*\)$/extern char \1;/p'\'''
lt_cv_sys_global_symbol_to_import=
lt_cv_sys_max_cmd_len=1572864
lt_cv_to_host_file_cmd=func_convert_file_noop
lt_cv_to_tool_file_cmd=func_convert_file_noop
lt_cv_truncate_bin='/usr/bin/dd bs=4096 count=1'

## ----------------- ##
## Output variables. ##
## ----------------- ##

ACLOCAL='${SHELL} /home/scottshotgg/Development/go/src/github.com/scottshotgg/express2/lib/libmill/missing aclocal-1.16'
AMDEPBACKSLASH='\'
AMDEP_FALSE='#'
AMDEP_TRUE=''
AMTAR='$${TAR-tar}'
AM_BACKSLASH='\'
AM_DEFAULT_V='$(AM_DEFAULT_VERBOSITY)'
AM_DEFAULT_VERBOSITY='0'
AM_V='$(V)'
AR='ar'
AUTOCONF='${SHELL} /home/scottshotgg/Development/go/src/github.com/scottshotgg/express2/lib/libmill/missing autoconf'
AUTOHEADER='${SHELL} /home/scottshotgg/Development/go/src/github.com/scottshotgg/express2/lib/libmill/missing autoheader'
AUTOMAKE='${SHELL} /home/scottshotgg/Development/go/src/github.com/scottshotgg/express2/lib/libmill/missing automake-1.16'
AWK='gawk'
CC='gcc'
CCDEPMODE='depmode=gcc3'
CFLAGS='-g -O2'
CPP='gcc -E'
CPPFLAGS=''
CYGPATH_W='echo'
DEFS='-DPACKAGE_NAME=\"libmill\" -DPACKAGE_TARNAME=\"libmill\" -DPACKAGE_VERSION=\"1.18\" -DPACKAGE_STRING=\"libmill\ 1.18\" -DPACKAGE_BUGREPORT=\"libmill@freelists.org\" -DPACKAGE_URL=\"http://libmill.org/\" -DPACKAGE=\"libmill\" -DVERSION=\"1.18\" -DHAVE_POSIX_MEMALIGN=1 -DHAVE_MPROTECT=1 -DHAVE_LIBRT=1 -DHAVE_CLOCK_GETTIME=1 -DHAVE_EPOLL_CREATE=1 -DMILL_NO_KQUEUE=1 -DSTDC_HEADERS=1 -DHAVE_SYS_TYPES_H=1 -DHAVE_SYS_STAT_H=1 -DHAVE_STDLIB_H=1 -DHAVE_STRING_H=1 -DHAVE_MEMORY_H=1 -DHAVE_STRINGS_H=1 -DHAVE_INTTYPES_H=1 -DHAVE_STDINT_H=1 -DHAVE_UNISTD_H=1 -DHAVE_DLFCN_H=1 -DLT_OBJDIR=\".libs/\"'
DEPDIR='.deps'
DLLTOOL='false'
DSYMUTIL=''
DUMPBIN=''
ECHO_C=''
ECHO_N='-n'
ECHO_T=''
EGREP='/usr/bin/grep -E'
EXEEXT=''
FGREP='/usr/bin/grep -F'
GREP='/usr/bin/grep'
INSTALL_DATA='${INSTALL} -m 644'
INSTALL_PROGRAM='${INSTALL}'
INSTALL_SCRIPT='${INSTALL}'
INSTALL_STRIP_PROGRAM='$(install_sh) -c -s'
LD='/usr/bin/ld -m elf_x86_64'
LDFLAGS=''
LIBOBJS=''
LIBS='-lrt '
LIBTOOL='$(SHELL) $(top_builddir)/libtool'
LIPO=''
LN_S='ln -s'
LTLIBOBJS=''
LT_SYS_LIBRARY_PATH=''
MAKEINFO='${SHELL} /home/scottshotgg/Development/go/src/github.com/scottshotgg/express2/lib/libmill/missing makeinfo'
MANIFEST_TOOL=':'
MILL_ABI_VERSION='19.1.1'
MILL_LIBTOOL_VERSION='19:1:1'
MILL_PACKAGE_VERSION='1.18'
MKDIR_P='/usr/bin/mkdir -p'
NM='/usr/bin/nm -B'
NMEDIT=''
OBJDUMP='objdump'
OBJEXT='o'
OTOOL64=''
OTOOL=''
PACKAGE='libmill'
PACKAGE_BUGREPORT='libmill@freelists.org'
PACKAGE_NAME='libmill'
PACKAGE_STRING='libmill 1.18'
PACKAGE_TARNAME='libmill'
PACKAGE_URL='http://libmill.org/'
PACKAGE_VERSION='1.18'
PATH_SEPARATOR=':'
RANLIB='ranlib'
SED='/usr/bin/sed'
SET_MAKE=''
SHELL='/bin/sh'
STRIP='strip'
VERSION='1.18'
ac_ct_AR='ar'
ac_ct_CC='gcc'
ac_ct_DUMPBIN=''
am__EXEEXT_FALSE=''
am__EXEEXT_TRUE='#'
am__fastdepCC_FALSE='#'
am__fastdepCC_TRUE=''
am__include='include'
am__isrc=''
am__leading_dot='.'
am__nodep='_no'
am__quote=''
am__tar='tar --format=ustar -chf - "$$tardir"'
am__untar='tar -xf -'
bindir='${exec_prefix}/bin'
build='x86_64-pc-linux-gnu'
build_alias=''
build_cpu='x86_64'
build_os='linux-gnu'
build_vendor='pc'
datadir='${datarootdir}'
datarootdir='${prefix}/share'
docdir='${datarootdir}/doc/${PACKAGE_TARNAME}'
dvidir='${docdir}'
exec_prefix='${prefix}'
host='x86_64-pc-linux-gnu'
host_alias=''
host_cpu='x86_64'
host_os='linux-gnu'
host_vendor='pc'
htmldir='${docdir}'
includedir='${prefix}/include'
infodir='${datarootdir}/info'
install_sh='${SHELL} /home/scottshotgg/Development/go/src/github.com/scottshotgg/express2/lib/libmill/install-sh'
libdir='${exec_prefix}/lib'
libexecdir='${exec_prefix}/libexec'
localedir='${datarootdir}/locale'
localstatedir='${prefix}/var'
mandir='${datarootdir}/man'
mkdir_p='$(MKDIR_P)'
oldincludedir='/usr/include'
pdfdir='${docdir}'
prefix='/usr/local'
program_transform_name='s,x,x,'
psdir='${docdir}'
sbindir='${exec_prefix}/sbin'
sharedstatedir='${prefix}/com'
sysconfdir='${prefix}/etc'
target_alias=''

## ----------- ##
## confdefs.h. ##
## ----------- ##

/* confdefs.h */
#define PACKAGE_NAME "libmill"
#define PACKAGE_TARNAME "libmill"
#define PACKAGE_VERSION "1.18"
#define PACKAGE_STRING "libmill 1.18"
#define PACKAGE_BUGREPORT "libmill@freelists.org"
#define PACKAGE_URL "http://libmill.org/"
#define PACKAGE "libmill"
#define VERSION "1.18"
#define HAVE_POSIX_MEMALIGN 1
#define HAVE_MPROTECT 1
#define HAVE_LIBRT 1
#define HAVE_CLOCK_GETTIME 1
#define HAVE_EPOLL_CREATE 1
#define MILL_NO_KQUEUE 1
#define STDC_HEADERS 1
#define HAVE_SYS_TYPES_H 1
#define HAVE_SYS_STAT_H 1
#define HAVE_STDLIB_H 1
#define HAVE_STRING_H 1
#define HAVE_MEMORY_H 1
#define HAVE_STRINGS_H 1
#define HAVE_INTTYPES_H 1
#define HAVE_STDINT_H 1
#define HAVE_UNISTD_H 1
#define HAVE_DLFCN_H 1
#define LT_OBJDIR ".libs/"

configure: exit 0
